0 info it worked if it ends with ok
1 verbose cli [ '/usr/bin/node', '/usr/bin/npm', 'i', 'monsgoose' ]
2 info using npm@6.11.3
3 info using node@v10.16.3
4 verbose npm-session a167e7cbc03e6d59
5 silly install loadCurrentTree
6 silly install readLocalPackageData
7 http fetch GET 404 https://registry.npmjs.org/monsgoose 218ms
8 http fetch GET 404 https://registry.npmjs.org/monsgoose 69ms
9 silly fetchPackageMetaData error for monsgoose@latest 404 Not Found - GET https://registry.npmjs.org/monsgoose - Not found
10 timing stage:rollbackFailedOptional Completed in 1ms
11 timing stage:runTopLevelLifecycles Completed in 485ms
12 verbose stack Error: 404 Not Found - GET https://registry.npmjs.org/monsgoose - Not found
12 verbose stack     at res.buffer.catch.then.body (/usr/lib/node_modules/npm/node_modules/npm-registry-fetch/check-response.js:104:15)
12 verbose stack     at process._tickCallback (internal/process/next_tick.js:68:7)
13 verbose statusCode 404
14 verbose pkgid monsgoose@latest
15 verbose cwd /
16 verbose Linux 4.15.0-1050-gcp
17 verbose argv "/usr/bin/node" "/usr/bin/npm" "i" "monsgoose"
18 verbose node v10.16.3
19 verbose npm  v6.11.3
20 error code E404
21 error 404 Not Found - GET https://registry.npmjs.org/monsgoose - Not found
22 error 404
23 error 404 'monsgoose@latest' is not in the npm registry.
24 error 404 You should bug the author to publish it (or use the name yourself!)
25 error 404 Note that you can also install from a
26 error 404 tarball, folder, http url, or git url.
27 verbose exit [ 1, true ]
